<?xml version="1.0" encoding="utf-8"?><testsuites name="pytest tests"><testsuite name="pytest" errors="0" failures="0" skipped="0" tests="10" time="1.741" timestamp="2026-03-01T01:11:08.773525+00:00" hostname="agent-env-2e68e7d8-6223-4239-b9a3-4989bc03b715"><testcase classname="backend.tests.test_netguard.TestHealth" name="test_root" time="0.259" /><testcase classname="backend.tests.test_netguard.TestHealth" name="test_rag_health" time="0.155" /><testcase classname="backend.tests.test_netguard.TestHealth" name="test_stats" time="0.180" /><testcase classname="backend.tests.test_netguard.TestAssessments" name="test_list_assessments" time="0.121" /><testcase classname="backend.tests.test_netguard.TestAssessments" name="test_create_assessment_github_pr" time="0.193" /><testcase classname="backend.tests.test_netguard.TestAssessments" name="test_assessment_has_rag_results" time="0.137" /><testcase classname="backend.tests.test_netguard.TestAssessments" name="test_get_assessment_by_id" time="0.299" /><testcase classname="backend.tests.test_netguard.TestAssessments" name="test_get_nonexistent_assessment" time="0.112" /><testcase classname="backend.tests.test_netguard.TestAssessments" name="test_empty_diff_returns_400" time="0.123" /><testcase classname="backend.tests.test_netguard.TestAuditLog" name="test_audit_log" time="0.101" /></testsuite></testsuites>