<?xml version="1.0" encoding="utf-8"?><testsuites name="pytest tests"><testsuite name="pytest" errors="0" failures="0" skipped="0" tests="11" time="1.542" timestamp="2026-03-01T02:50:52.554166+00:00" hostname="agent-env-f003723d-eeb4-4b0f-ba34-8bce267c6a50"><testcase classname="backend.tests.test_netguard_v2.TestRAGHealth" name="test_rag_health_returns_healthy_status" time="0.128" /><testcase classname="backend.tests.test_netguard_v2.TestStatsEndpoint" name="test_stats_returns_correct_structure" time="0.128" /><testcase classname="backend.tests.test_netguard_v2.TestAssessmentsList" name="test_assessments_list_excludes_mongo_id" time="0.143" /><testcase classname="backend.tests.test_netguard_v2.TestAWSSSHAssessment" name="test_aws_ssh_returns_critical" time="0.120" /><testcase classname="backend.tests.test_netguard_v2.TestCiscoIOSAssessment" name="test_cisco_ios_acl_returns_critical" time="0.125" /><testcase classname="backend.tests.test_netguard_v2.TestKubernetesNetworkPolicy" name="test_kubernetes_netpol_returns_critical" time="0.129" /><testcase classname="backend.tests.test_netguard_v2.TestIAMWildcard" name="test_iam_wildcard_returns_critical_with_iam001" time="0.126" /><testcase classname="backend.tests.test_netguard_v2.TestLowRiskChange" name="test_route_table_not_critical" time="0.119" /><testcase classname="backend.tests.test_netguard_v2.TestAssessmentDetailFields" name="test_assessment_detail_has_finding_fields" time="0.230" /><testcase classname="backend.tests.test_netguard_v2.TestAgentPipeline" name="test_agent_trace_has_6_nodes" time="0.117" /><testcase classname="backend.tests.test_netguard_v2.TestRAGEnrichment" name="test_assessment_has_rag_results" time="0.128" /></testsuite></testsuites>