<?xml version="1.0" encoding="utf-8"?><testsuites name="pytest tests"><testsuite name="pytest" errors="0" failures="1" skipped="0" tests="11" time="2.022" timestamp="2026-03-01T02:49:37.459039+00:00" hostname="agent-env-f003723d-eeb4-4b0f-ba34-8bce267c6a50"><testcase classname="backend.tests.test_netguard_v2.TestRAGHealth" name="test_rag_health_returns_healthy_status" time="0.290" /><testcase classname="backend.tests.test_netguard_v2.TestStatsEndpoint" name="test_stats_returns_correct_structure" time="0.137" /><testcase classname="backend.tests.test_netguard_v2.TestAssessmentsList" name="test_assessments_list_excludes_mongo_id" time="0.134" /><testcase classname="backend.tests.test_netguard_v2.TestAWSSSHAssessment" name="test_aws_ssh_returns_critical" time="0.204" /><testcase classname="backend.tests.test_netguard_v2.TestCiscoIOSAssessment" name="test_cisco_ios_acl_returns_critical" time="0.189" /><testcase classname="backend.tests.test_netguard_v2.TestKubernetesNetworkPolicy" name="test_kubernetes_netpol_returns_critical" time="0.138" /><testcase classname="backend.tests.test_netguard_v2.TestIAMWildcard" name="test_iam_wildcard_returns_critical_with_iam001" time="0.141"><failure message="AssertionError: Expected CRITICAL, got LOW&#10;assert 'LOW' == 'CRITICAL'&#10;  &#10;  - CRITICAL&#10;  + LOW">backend/tests/test_netguard_v2.py:283: in test_iam_wildcard_returns_critical_with_iam001
    assert data["risk_level"] == "CRITICAL", f"Expected CRITICAL, got {data['risk_level']}"
E   AssertionError: Expected CRITICAL, got LOW
E   assert 'LOW' == 'CRITICAL'
E     
E     - CRITICAL
E     + LOW</failure></testcase><testcase classname="backend.tests.test_netguard_v2.TestLowRiskChange" name="test_route_table_not_critical" time="0.136" /><testcase classname="backend.tests.test_netguard_v2.TestAssessmentDetailFields" name="test_assessment_detail_has_finding_fields" time="0.299" /><testcase classname="backend.tests.test_netguard_v2.TestAgentPipeline" name="test_agent_trace_has_6_nodes" time="0.123" /><testcase classname="backend.tests.test_netguard_v2.TestRAGEnrichment" name="test_assessment_has_rag_results" time="0.130" /></testsuite></testsuites>